<?xml version="1.0" encoding="UTF-8"?>
<!-- Generated by org.testng.reporters.JUnitReportReporter -->
<testsuite hostname="DESKTOP-L1F0PPV" failures="0" tests="1" name="com.selenium.Radiobutton1" time="1.345" errors="0" timestamp="8 May 2023 18:41:34 GMT">
  <testcase classname="com.selenium.Radiobutton1" name="radio1" time="1.345"/>
</testsuite> <!-- com.selenium.Radiobutton1 -->
