<?xml version="1.0" encoding="UTF-8"?>
<!-- Generated by org.testng.reporters.JUnitReportReporter -->
<testsuite hostname="DESKTOP-L1F0PPV" failures="0" tests="1" name="test.Title" time="0.061" errors="0" timestamp="8 May 2023 19:05:54 GMT">
  <testcase classname="test.Title" name="title" time="0.061"/>
</testsuite> <!-- test.Title -->
