<?xml version="1.0" encoding="UTF-8"?>
<!-- Generated by org.testng.reporters.JUnitReportReporter -->
<testsuite hostname="DESKTOP-L1F0PPV" failures="0" tests="1" name="test.Verifylogin" time="7.147" errors="0" timestamp="8 May 2023 19:05:54 GMT">
  <testcase classname="test.Verifylogin" name="login" time="7.147"/>
</testsuite> <!-- test.Verifylogin -->
